<?xml version="1.0" encoding="UTF-8"?>
<!-- Generated by org.testng.reporters.JUnitReportReporter -->
<testsuite skipped="0" hostname="user-PC" name="YesBank.LoanYesBank" tests="2" failures="0" timestamp="16 Feb 2019 07:22:46 GMT" time="0.002" errors="0">
  <testcase name="loan2YesBank" time="0.001" classname="YesBank.LoanYesBank"/>
  <testcase name="loan1YesBank" time="0.001" classname="YesBank.LoanYesBank"/>
</testsuite> <!-- YesBank.LoanYesBank -->
