<?xml version="1.0" encoding="UTF-8"?>
<!-- Generated by org.testng.reporters.JUnitReportReporter -->
<testsuite skipped="0" hostname="user-PC" name="SBI.AllocationSBI" tests="1" failures="0" timestamp="16 Feb 2019 07:22:46 GMT" time="0.001" errors="0">
  <testcase name="allocation1SBI" time="0.001" classname="SBI.AllocationSBI"/>
</testsuite> <!-- SBI.AllocationSBI -->
