<?xml version="1.0" encoding="UTF-8"?>
<!-- Generated by org.testng.reporters.JUnitReportReporter -->
<testsuite skipped="0" hostname="user-PC" name="YesBank.AllocationYesBank" tests="2" failures="0" timestamp="16 Feb 2019 07:22:46 GMT" time="0.015" errors="0">
  <testcase name="allocation1YesBank" time="0.001" classname="YesBank.AllocationYesBank"/>
  <testcase name="allocation2YesBank" time="0.014" classname="YesBank.AllocationYesBank"/>
</testsuite> <!-- YesBank.AllocationYesBank -->
