<?xml version="1.0" encoding="UTF-8"?>
<!-- Generated by org.testng.reporters.JUnitReportReporter -->
<testsuite skipped="0" hostname="user-PC" name="SBI.WDSBI" tests="2" failures="0" timestamp="16 Feb 2019 07:19:16 GMT" time="0.004" errors="0">
  <testcase name="wd2SBI" time="0.002" classname="SBI.WDSBI"/>
  <testcase name="wd1SBI" time="0.002" classname="SBI.WDSBI"/>
</testsuite> <!-- SBI.WDSBI -->
