<?xml version="1.0" encoding="UTF-8"?>
<!-- Generated by org.testng.reporters.JUnitReportReporter -->
<testsuite skipped="0" hostname="user-PC" name="YesBank.WDYesBank" tests="2" failures="0" timestamp="16 Feb 2019 07:22:46 GMT" time="0.003" errors="0">
  <testcase name="wd2YesBank" time="0.001" classname="YesBank.WDYesBank"/>
  <testcase name="wd1YesBank" time="0.002" classname="YesBank.WDYesBank"/>
</testsuite> <!-- YesBank.WDYesBank -->
